2017-04-21 15:03:02,323 [Worker-1] INFO  c.g.t.t.d.PublishedGradleVersions - Gradle version information cache is up-to-date. Trying to read.
2017-04-21 15:03:08,324 [Worker-7] ERROR org.eclipse.jgit.util.FS - Caught exception in FS.readPipe()
java.io.IOException: Cannot run program "git" (in directory "/usr/local/bin"): error=2, No such file or directory
	at java.lang.ProcessBuilder.start(ProcessBuilder.java:1048) ~[na:1.8.0_101]
	at org.eclipse.jgit.util.FS.readPipe(FS.java:500) [org.eclipse.jgit_4.5.0.201609210915-r.jar:4.5.0.201609210915-r]
	at org.eclipse.jgit.util.FS.readPipe(FS.java:464) [org.eclipse.jgit_4.5.0.201609210915-r.jar:4.5.0.201609210915-r]
	at org.eclipse.jgit.util.FS.discoverGitSystemConfig(FS.java:613) [org.eclipse.jgit_4.5.0.201609210915-r.jar:4.5.0.201609210915-r]
	at org.eclipse.jgit.util.FS.getGitSystemConfig(FS.java:653) [org.eclipse.jgit_4.5.0.201609210915-r.jar:4.5.0.201609210915-r]
	at org.eclipse.jgit.util.SystemReader$Default.openSystemConfig(SystemReader.java:97) [org.eclipse.jgit_4.5.0.201609210915-r.jar:4.5.0.201609210915-r]
	at org.eclipse.jgit.internal.storage.file.FileRepository.<init>(FileRepository.java:176) [org.eclipse.jgit_4.5.0.201609210915-r.jar:4.5.0.201609210915-r]
	at org.eclipse.jgit.storage.file.FileRepositoryBuilder.build(FileRepositoryBuilder.java:92) [org.eclipse.jgit_4.5.0.201609210915-r.jar:4.5.0.201609210915-r]
	at org.eclipse.jgit.storage.file.FileRepositoryBuilder.create(FileRepositoryBuilder.java:111) [org.eclipse.jgit_4.5.0.201609210915-r.jar:4.5.0.201609210915-r]
	at org.eclipse.egit.core.RepositoryCache.lookupRepository(RepositoryCache.java:57) [org.eclipse.egit.core_4.5.0.201609210915-r.jar:na]
	at org.eclipse.egit.core.project.GitProjectData.map(GitProjectData.java:689) [org.eclipse.egit.core_4.5.0.201609210915-r.jar:na]
	at org.eclipse.egit.core.project.GitProjectData.remapAll(GitProjectData.java:647) [org.eclipse.egit.core_4.5.0.201609210915-r.jar:na]
	at org.eclipse.egit.core.project.GitProjectData.setRepositoryMappings(GitProjectData.java:456) [org.eclipse.egit.core_4.5.0.201609210915-r.jar:na]
	at org.eclipse.egit.core.op.ConnectProviderOperation.connectProject(ConnectProviderOperation.java:142) [org.eclipse.egit.core_4.5.0.201609210915-r.jar:na]
	at org.eclipse.egit.core.op.ConnectProviderOperation.execute(ConnectProviderOperation.java:100) [org.eclipse.egit.core_4.5.0.201609210915-r.jar:na]
	at org.eclipse.egit.core.internal.job.JobUtil$1.run(JobUtil.java:53) [org.eclipse.egit.core_4.5.0.201609210915-r.jar:na]
	at org.eclipse.core.internal.jobs.Worker.run(Worker.java:55) [org.eclipse.core.jobs_3.8.0.v20160509-0411.jar:na]
Caused by: java.io.IOException: error=2, No such file or directory
	at java.lang.UNIXProcess.forkAndExec(Native Method) ~[na:1.8.0_101]
	at java.lang.UNIXProcess.<init>(UNIXProcess.java:248) ~[na:1.8.0_101]
	at java.lang.ProcessImpl.start(ProcessImpl.java:134) ~[na:1.8.0_101]
	at java.lang.ProcessBuilder.start(ProcessBuilder.java:1029) ~[na:1.8.0_101]
	... 16 common frames omitted
2017-04-21 15:07:22,544 [Worker-1] INFO  c.g.t.t.d.PublishedGradleVersions - Gradle version information cache is up-to-date. Trying to read.
2017-04-21 15:07:23,705 [Worker-6] ERROR org.eclipse.jgit.util.FS - Caught exception in FS.readPipe()
java.io.IOException: Cannot run program "git" (in directory "/usr/local/bin"): error=2, No such file or directory
	at java.lang.ProcessBuilder.start(ProcessBuilder.java:1048) ~[na:1.8.0_101]
	at org.eclipse.jgit.util.FS.readPipe(FS.java:500) [org.eclipse.jgit_4.5.0.201609210915-r.jar:4.5.0.201609210915-r]
	at org.eclipse.jgit.util.FS.readPipe(FS.java:464) [org.eclipse.jgit_4.5.0.201609210915-r.jar:4.5.0.201609210915-r]
	at org.eclipse.jgit.util.FS.discoverGitSystemConfig(FS.java:613) [org.eclipse.jgit_4.5.0.201609210915-r.jar:4.5.0.201609210915-r]
	at org.eclipse.jgit.util.FS.getGitSystemConfig(FS.java:653) [org.eclipse.jgit_4.5.0.201609210915-r.jar:4.5.0.201609210915-r]
	at org.eclipse.jgit.util.SystemReader$Default.openSystemConfig(SystemReader.java:97) [org.eclipse.jgit_4.5.0.201609210915-r.jar:4.5.0.201609210915-r]
	at org.eclipse.jgit.internal.storage.file.FileRepository.<init>(FileRepository.java:176) [org.eclipse.jgit_4.5.0.201609210915-r.jar:4.5.0.201609210915-r]
	at org.eclipse.jgit.storage.file.FileRepositoryBuilder.build(FileRepositoryBuilder.java:92) [org.eclipse.jgit_4.5.0.201609210915-r.jar:4.5.0.201609210915-r]
	at org.eclipse.jgit.storage.file.FileRepositoryBuilder.create(FileRepositoryBuilder.java:111) [org.eclipse.jgit_4.5.0.201609210915-r.jar:4.5.0.201609210915-r]
	at org.eclipse.egit.core.RepositoryCache.lookupRepository(RepositoryCache.java:57) [org.eclipse.egit.core_4.5.0.201609210915-r.jar:na]
	at org.eclipse.egit.core.project.GitProjectData.map(GitProjectData.java:689) [org.eclipse.egit.core_4.5.0.201609210915-r.jar:na]
	at org.eclipse.egit.core.project.GitProjectData.remapAll(GitProjectData.java:647) [org.eclipse.egit.core_4.5.0.201609210915-r.jar:na]
	at org.eclipse.egit.core.project.GitProjectData.load(GitProjectData.java:630) [org.eclipse.egit.core_4.5.0.201609210915-r.jar:na]
	at org.eclipse.egit.core.project.GitProjectData.get(GitProjectData.java:218) [org.eclipse.egit.core_4.5.0.201609210915-r.jar:na]
	at org.eclipse.egit.core.GitProvider.getData(GitProvider.java:106) [org.eclipse.egit.core_4.5.0.201609210915-r.jar:na]
	at org.eclipse.egit.core.project.RepositoryMapping.getProjectData(RepositoryMapping.java:361) [org.eclipse.egit.core_4.5.0.201609210915-r.jar:na]
	at org.eclipse.egit.core.project.RepositoryMapping.findMapping(RepositoryMapping.java:377) [org.eclipse.egit.core_4.5.0.201609210915-r.jar:na]
	at org.eclipse.egit.core.project.RepositoryMapping.getMapping(RepositoryMapping.java:317) [org.eclipse.egit.core_4.5.0.201609210915-r.jar:na]
	at org.eclipse.egit.core.internal.util.ResourceUtil.getRepository(ResourceUtil.java:702) [org.eclipse.egit.core_4.5.0.201609210915-r.jar:na]
	at org.eclipse.egit.ui.internal.resources.ResourceStateFactory.getIndexDiffDataOrNull(ResourceStateFactory.java:89) [org.eclipse.egit.ui_4.5.0.201609210915-r.jar:na]
	at org.eclipse.egit.ui.internal.decorators.GitLightweightDecorator.decorateResource(GitLightweightDecorator.java:224) [org.eclipse.egit.ui_4.5.0.201609210915-r.jar:na]
	at org.eclipse.egit.ui.internal.decorators.GitLightweightDecorator.decorate(GitLightweightDecorator.java:201) [org.eclipse.egit.ui_4.5.0.201609210915-r.jar:na]
	at org.eclipse.ui.internal.decorators.LightweightDecoratorDefinition.decorate(LightweightDecoratorDefinition.java:254) [org.eclipse.ui.workbench_3.108.2.v20161025-2029.jar:na]
	at org.eclipse.ui.internal.decorators.LightweightDecoratorManager$LightweightRunnable.run(LightweightDecoratorManager.java:100) [org.eclipse.ui.workbench_3.108.2.v20161025-2029.jar:na]
	at org.eclipse.core.runtime.SafeRunner.run(SafeRunner.java:42) [org.eclipse.equinox.common_3.8.0.v20160509-1230.jar:na]
	at org.eclipse.ui.internal.decorators.LightweightDecoratorManager.decorate(LightweightDecoratorManager.java:383) [org.eclipse.ui.workbench_3.108.2.v20161025-2029.jar:na]
	at org.eclipse.ui.internal.decorators.LightweightDecoratorManager.getDecorations(LightweightDecoratorManager.java:365) [org.eclipse.ui.workbench_3.108.2.v20161025-2029.jar:na]
	at org.eclipse.ui.internal.decorators.DecorationScheduler$1.ensureResultCached(DecorationScheduler.java:367) [org.eclipse.ui.workbench_3.108.2.v20161025-2029.jar:na]
	at org.eclipse.ui.internal.decorators.DecorationScheduler$1.run(DecorationScheduler.java:327) [org.eclipse.ui.workbench_3.108.2.v20161025-2029.jar:na]
	at org.eclipse.core.internal.jobs.Worker.run(Worker.java:55) [org.eclipse.core.jobs_3.8.0.v20160509-0411.jar:na]
Caused by: java.io.IOException: error=2, No such file or directory
	at java.lang.UNIXProcess.forkAndExec(Native Method) ~[na:1.8.0_101]
	at java.lang.UNIXProcess.<init>(UNIXProcess.java:248) ~[na:1.8.0_101]
	at java.lang.ProcessImpl.start(ProcessImpl.java:134) ~[na:1.8.0_101]
	at java.lang.ProcessBuilder.start(ProcessBuilder.java:1029) ~[na:1.8.0_101]
	... 29 common frames omitted
2017-04-27 08:54:12,188 [main] ERROR org.eclipse.jgit.util.FS - Caught exception in FS.readPipe()
java.io.IOException: Cannot run program "git" (in directory "/usr/local/bin"): error=2, No such file or directory
	at java.lang.ProcessBuilder.start(ProcessBuilder.java:1048) ~[na:1.8.0_101]
	at org.eclipse.jgit.util.FS.readPipe(FS.java:500) [org.eclipse.jgit_4.5.0.201609210915-r.jar:4.5.0.201609210915-r]
	at org.eclipse.jgit.util.FS.readPipe(FS.java:464) [org.eclipse.jgit_4.5.0.201609210915-r.jar:4.5.0.201609210915-r]
	at org.eclipse.jgit.util.FS.discoverGitSystemConfig(FS.java:613) [org.eclipse.jgit_4.5.0.201609210915-r.jar:4.5.0.201609210915-r]
	at org.eclipse.jgit.util.FS.getGitSystemConfig(FS.java:653) [org.eclipse.jgit_4.5.0.201609210915-r.jar:4.5.0.201609210915-r]
	at org.eclipse.jgit.util.SystemReader$Default.openSystemConfig(SystemReader.java:97) [org.eclipse.jgit_4.5.0.201609210915-r.jar:4.5.0.201609210915-r]
	at org.eclipse.jgit.internal.storage.file.FileRepository.<init>(FileRepository.java:176) [org.eclipse.jgit_4.5.0.201609210915-r.jar:4.5.0.201609210915-r]
	at org.eclipse.jgit.storage.file.FileRepositoryBuilder.build(FileRepositoryBuilder.java:92) [org.eclipse.jgit_4.5.0.201609210915-r.jar:4.5.0.201609210915-r]
	at org.eclipse.jgit.storage.file.FileRepositoryBuilder.create(FileRepositoryBuilder.java:111) [org.eclipse.jgit_4.5.0.201609210915-r.jar:4.5.0.201609210915-r]
	at org.eclipse.egit.core.RepositoryCache.lookupRepository(RepositoryCache.java:57) [org.eclipse.egit.core_4.5.0.201609210915-r.jar:na]
	at org.eclipse.egit.core.project.GitProjectData.map(GitProjectData.java:689) [org.eclipse.egit.core_4.5.0.201609210915-r.jar:na]
	at org.eclipse.egit.core.project.GitProjectData.remapAll(GitProjectData.java:647) [org.eclipse.egit.core_4.5.0.201609210915-r.jar:na]
	at org.eclipse.egit.core.project.GitProjectData.load(GitProjectData.java:630) [org.eclipse.egit.core_4.5.0.201609210915-r.jar:na]
	at org.eclipse.egit.core.project.GitProjectData.get(GitProjectData.java:218) [org.eclipse.egit.core_4.5.0.201609210915-r.jar:na]
	at org.eclipse.egit.core.project.RepositoryMapping.getProjectData(RepositoryMapping.java:356) [org.eclipse.egit.core_4.5.0.201609210915-r.jar:na]
	at org.eclipse.egit.core.project.RepositoryMapping.findMapping(RepositoryMapping.java:377) [org.eclipse.egit.core_4.5.0.201609210915-r.jar:na]
	at org.eclipse.egit.core.project.RepositoryMapping.getMapping(RepositoryMapping.java:317) [org.eclipse.egit.core_4.5.0.201609210915-r.jar:na]
	at org.eclipse.egit.core.internal.util.ResourceUtil.getRepository(ResourceUtil.java:702) [org.eclipse.egit.core_4.5.0.201609210915-r.jar:na]
	at org.eclipse.egit.ui.internal.selection.SelectionUtils.getRepository(SelectionUtils.java:279) [org.eclipse.egit.ui_4.5.0.201609210915-r.jar:na]
	at org.eclipse.egit.ui.internal.selection.SelectionUtils.getRepository(SelectionUtils.java:64) [org.eclipse.egit.ui_4.5.0.201609210915-r.jar:na]
	at org.eclipse.egit.ui.internal.selection.RepositorySourceProvider.selectionChanged(RepositorySourceProvider.java:87) [org.eclipse.egit.ui_4.5.0.201609210915-r.jar:na]
	at org.eclipse.ui.internal.e4.compatibility.SelectionService.notifyListeners(SelectionService.java:259) [org.eclipse.ui.workbench_3.108.2.v20161025-2029.jar:na]
	at org.eclipse.ui.internal.e4.compatibility.SelectionService.handleSelectionChanged(SelectionService.java:108) [org.eclipse.ui.workbench_3.108.2.v20161025-2029.jar:na]
	at org.eclipse.ui.internal.e4.compatibility.SelectionService.access$0(SelectionService.java:92) [org.eclipse.ui.workbench_3.108.2.v20161025-2029.jar:na]
	at org.eclipse.ui.internal.e4.compatibility.SelectionService$1.selectionChanged(SelectionService.java:67) [org.eclipse.ui.workbench_3.108.2.v20161025-2029.jar:na]
	at org.eclipse.e4.ui.internal.workbench.SelectionAggregator$2.run(SelectionAggregator.java:126) [org.eclipse.e4.ui.workbench_1.4.0.v20160517-1624.jar:na]
	at org.eclipse.core.runtime.SafeRunner.run(SafeRunner.java:42) [org.eclipse.equinox.common_3.8.0.v20160509-1230.jar:na]
	at org.eclipse.e4.ui.internal.workbench.SelectionAggregator.notifyListeners(SelectionAggregator.java:123) [org.eclipse.e4.ui.workbench_1.4.0.v20160517-1624.jar:na]
	at org.eclipse.e4.ui.internal.workbench.SelectionAggregator.access$6(SelectionAggregator.java:121) [org.eclipse.e4.ui.workbench_1.4.0.v20160517-1624.jar:na]
	at org.eclipse.e4.ui.internal.workbench.SelectionAggregator$7$1.run(SelectionAggregator.java:231) [org.eclipse.e4.ui.workbench_1.4.0.v20160517-1624.jar:na]
	at org.eclipse.e4.core.contexts.RunAndTrack.runExternalCode(RunAndTrack.java:56) [org.eclipse.e4.core.contexts_1.5.0.v20160504-0909.jar:na]
	at org.eclipse.e4.ui.internal.workbench.SelectionAggregator$7.changed(SelectionAggregator.java:228) [org.eclipse.e4.ui.workbench_1.4.0.v20160517-1624.jar:na]
	at org.eclipse.e4.core.internal.contexts.TrackableComputationExt.update(TrackableComputationExt.java:114) [org.eclipse.e4.core.contexts_1.5.0.v20160504-0909.jar:na]
	at org.eclipse.e4.core.internal.contexts.EclipseContext.runAndTrack(EclipseContext.java:324) [org.eclipse.e4.core.contexts_1.5.0.v20160504-0909.jar:na]
	at org.eclipse.e4.ui.internal.workbench.SelectionAggregator.track(SelectionAggregator.java:213) [org.eclipse.e4.ui.workbench_1.4.0.v20160517-1624.jar:na]
	at org.eclipse.e4.ui.internal.workbench.SelectionAggregator.setPart(SelectionAggregator.java:117) [org.eclipse.e4.ui.workbench_1.4.0.v20160517-1624.jar:na]
	at sun.reflect.NativeMethodAccessorImpl.invoke0(Native Method) ~[na:1.8.0_101]
	at sun.reflect.NativeMethodAccessorImpl.invoke(NativeMethodAccessorImpl.java:62) ~[na:1.8.0_101]
	at sun.reflect.DelegatingMethodAccessorImpl.invoke(DelegatingMethodAccessorImpl.java:43) ~[na:1.8.0_101]
	at java.lang.reflect.Method.invoke(Method.java:498) ~[na:1.8.0_101]
	at org.eclipse.e4.core.internal.di.MethodRequestor.execute(MethodRequestor.java:55) [org.eclipse.e4.core.di_1.6.1.v20160712-0927.jar:na]
	at org.eclipse.e4.core.internal.contexts.ContextObjectSupplier$ContextInjectionListener.update(ContextObjectSupplier.java:90) [org.eclipse.e4.core.contexts_1.5.0.v20160504-0909.jar:na]
	at org.eclipse.e4.core.internal.contexts.TrackableComputationExt.update(TrackableComputationExt.java:111) [org.eclipse.e4.core.contexts_1.5.0.v20160504-0909.jar:na]
	at org.eclipse.e4.core.internal.contexts.EclipseContext.processScheduled(EclipseContext.java:343) [org.eclipse.e4.core.contexts_1.5.0.v20160504-0909.jar:na]
	at org.eclipse.e4.core.internal.contexts.EclipseContext.set(EclipseContext.java:358) [org.eclipse.e4.core.contexts_1.5.0.v20160504-0909.jar:na]
	at org.eclipse.e4.core.internal.contexts.EclipseContext.activate(EclipseContext.java:663) [org.eclipse.e4.core.contexts_1.5.0.v20160504-0909.jar:na]
	at org.eclipse.e4.core.internal.contexts.EclipseContext.activateBranch(EclipseContext.java:669) [org.eclipse.e4.core.contexts_1.5.0.v20160504-0909.jar:na]
	at org.eclipse.e4.ui.internal.workbench.PartActivationHistory.activate(PartActivationHistory.java:53) [org.eclipse.e4.ui.workbench_1.4.0.v20160517-1624.jar:na]
	at org.eclipse.e4.ui.internal.workbench.PartServiceImpl.activate(PartServiceImpl.java:747) [org.eclipse.e4.ui.workbench_1.4.0.v20160517-1624.jar:na]
	at org.eclipse.e4.ui.internal.workbench.PartServiceImpl.activate(PartServiceImpl.java:682) [org.eclipse.e4.ui.workbench_1.4.0.v20160517-1624.jar:na]
	at org.eclipse.e4.ui.internal.workbench.swt.AbstractPartRenderer.activate(AbstractPartRenderer.java:95) [org.eclipse.e4.ui.workbench.swt_0.14.1.v20160829-0832.jar:na]
	at org.eclipse.e4.ui.workbench.renderers.swt.ContributedPartRenderer$1.handleEvent(ContributedPartRenderer.java:63) [org.eclipse.e4.ui.workbench.renderers.swt_0.14.0.v20160525-0940.jar:na]
	at org.eclipse.swt.widgets.EventTable.sendEvent(EventTable.java:84) [org.eclipse.swt.cocoa.macosx.x86_64_3.105.2.v20161122-0613.jar:na]
	at org.eclipse.swt.widgets.Display.sendEvent(Display.java:4256) [org.eclipse.swt.cocoa.macosx.x86_64_3.105.2.v20161122-0613.jar:na]
	at org.eclipse.swt.widgets.Widget.sendEvent(Widget.java:1501) [org.eclipse.swt.cocoa.macosx.x86_64_3.105.2.v20161122-0613.jar:na]
	at org.eclipse.swt.widgets.Widget.sendEvent(Widget.java:1524) [org.eclipse.swt.cocoa.macosx.x86_64_3.105.2.v20161122-0613.jar:na]
	at org.eclipse.swt.widgets.Widget.sendEvent(Widget.java:1509) [org.eclipse.swt.cocoa.macosx.x86_64_3.105.2.v20161122-0613.jar:na]
	at org.eclipse.swt.widgets.Shell.setActiveControl(Shell.java:1612) [org.eclipse.swt.cocoa.macosx.x86_64_3.105.2.v20161122-0613.jar:na]
	at org.eclipse.swt.widgets.Shell.setActiveControl(Shell.java:1575) [org.eclipse.swt.cocoa.macosx.x86_64_3.105.2.v20161122-0613.jar:na]
	at org.eclipse.swt.widgets.Control.sendFocusEvent(Control.java:3428) [org.eclipse.swt.cocoa.macosx.x86_64_3.105.2.v20161122-0613.jar:na]
	at org.eclipse.swt.widgets.Canvas.sendFocusEvent(Canvas.java:76) [org.eclipse.swt.cocoa.macosx.x86_64_3.105.2.v20161122-0613.jar:na]
	at org.eclipse.swt.widgets.Display.checkFocus(Display.java:672) [org.eclipse.swt.cocoa.macosx.x86_64_3.105.2.v20161122-0613.jar:na]
	at org.eclipse.swt.widgets.Shell.makeFirstResponder(Shell.java:1294) [org.eclipse.swt.cocoa.macosx.x86_64_3.105.2.v20161122-0613.jar:na]
	at org.eclipse.swt.widgets.Display.windowProc(Display.java:5843) [org.eclipse.swt.cocoa.macosx.x86_64_3.105.2.v20161122-0613.jar:na]
	at org.eclipse.swt.internal.cocoa.OS.objc_msgSend(Native Method) [org.eclipse.swt.cocoa.macosx.x86_64_3.105.2.v20161122-0613.jar:na]
	at org.eclipse.swt.internal.cocoa.NSWindow.makeKeyAndOrderFront(NSWindow.java:202) [org.eclipse.swt.cocoa.macosx.x86_64_3.105.2.v20161122-0613.jar:na]
	at org.eclipse.swt.widgets.Shell.makeKeyAndOrderFront(Shell.java:1312) [org.eclipse.swt.cocoa.macosx.x86_64_3.105.2.v20161122-0613.jar:na]
	at org.eclipse.swt.widgets.Shell.setWindowVisible(Shell.java:2019) [org.eclipse.swt.cocoa.macosx.x86_64_3.105.2.v20161122-0613.jar:na]
	at org.eclipse.swt.widgets.Shell.open(Shell.java:1372) [org.eclipse.swt.cocoa.macosx.x86_64_3.105.2.v20161122-0613.jar:na]
	at org.eclipse.e4.ui.workbench.renderers.swt.WBWRenderer.postProcess(WBWRenderer.java:805) [org.eclipse.e4.ui.workbench.renderers.swt_0.14.0.v20160525-0940.jar:na]
	at org.eclipse.e4.ui.internal.workbench.swt.PartRenderingEngine.safeCreateGui(PartRenderingEngine.java:669) [org.eclipse.e4.ui.workbench.swt_0.14.1.v20160829-0832.jar:na]
	at org.eclipse.e4.ui.internal.workbench.swt.PartRenderingEngine.safeCreateGui(PartRenderingEngine.java:757) [org.eclipse.e4.ui.workbench.swt_0.14.1.v20160829-0832.jar:na]
	at org.eclipse.e4.ui.internal.workbench.swt.PartRenderingEngine.access$0(PartRenderingEngine.java:728) [org.eclipse.e4.ui.workbench.swt_0.14.1.v20160829-0832.jar:na]
	at org.eclipse.e4.ui.internal.workbench.swt.PartRenderingEngine$2.run(PartRenderingEngine.java:722) [org.eclipse.e4.ui.workbench.swt_0.14.1.v20160829-0832.jar:na]
	at org.eclipse.core.runtime.SafeRunner.run(SafeRunner.java:42) [org.eclipse.equinox.common_3.8.0.v20160509-1230.jar:na]
	at org.eclipse.e4.ui.internal.workbench.swt.PartRenderingEngine.createGui(PartRenderingEngine.java:706) [org.eclipse.e4.ui.workbench.swt_0.14.1.v20160829-0832.jar:na]
	at org.eclipse.e4.ui.internal.workbench.swt.PartRenderingEngine$4.run(PartRenderingEngine.java:1059) [org.eclipse.e4.ui.workbench.swt_0.14.1.v20160829-0832.jar:na]
	at org.eclipse.core.databinding.observable.Realm.runWithDefault(Realm.java:336) [org.eclipse.core.databinding.observable_1.6.0.v20160511-1747.jar:na]
	at org.eclipse.e4.ui.internal.workbench.swt.PartRenderingEngine.run(PartRenderingEngine.java:1022) [org.eclipse.e4.ui.workbench.swt_0.14.1.v20160829-0832.jar:na]
	at org.eclipse.e4.ui.internal.workbench.E4Workbench.createAndRunUI(E4Workbench.java:150) [org.eclipse.e4.ui.workbench_1.4.0.v20160517-1624.jar:na]
	at org.eclipse.ui.internal.Workbench$5.run(Workbench.java:693) [org.eclipse.ui.workbench_3.108.2.v20161025-2029.jar:na]
	at org.eclipse.core.databinding.observable.Realm.runWithDefault(Realm.java:336) [org.eclipse.core.databinding.observable_1.6.0.v20160511-1747.jar:na]
	at org.eclipse.ui.internal.Workbench.createAndRunWorkbench(Workbench.java:610) [org.eclipse.ui.workbench_3.108.2.v20161025-2029.jar:na]
	at org.eclipse.ui.PlatformUI.createAndRunWorkbench(PlatformUI.java:148) [org.eclipse.ui.workbench_3.108.2.v20161025-2029.jar:na]
	at org.eclipse.ui.internal.ide.application.IDEApplication.start(IDEApplication.java:138) [org.eclipse.ui.ide.application_1.1.101.v20160829-0827.jar:na]
	at org.eclipse.equinox.internal.app.EclipseAppHandle.run(EclipseAppHandle.java:196) [org.eclipse.equinox.app_1.3.400.v20150715-1528.jar:na]
	at org.eclipse.core.runtime.internal.adaptor.EclipseAppLauncher.runApplication(EclipseAppLauncher.java:134) [org.eclipse.osgi_3.11.2.v20161107-1947.jar:na]
	at org.eclipse.core.runtime.internal.adaptor.EclipseAppLauncher.start(EclipseAppLauncher.java:104) [org.eclipse.osgi_3.11.2.v20161107-1947.jar:na]
	at org.eclipse.core.runtime.adaptor.EclipseStarter.run(EclipseStarter.java:388) [org.eclipse.osgi_3.11.2.v20161107-1947.jar:na]
	at org.eclipse.core.runtime.adaptor.EclipseStarter.run(EclipseStarter.java:243) [org.eclipse.osgi_3.11.2.v20161107-1947.jar:na]
	at sun.reflect.NativeMethodAccessorImpl.invoke0(Native Method) ~[na:1.8.0_101]
	at sun.reflect.NativeMethodAccessorImpl.invoke(NativeMethodAccessorImpl.java:62) ~[na:1.8.0_101]
	at sun.reflect.DelegatingMethodAccessorImpl.invoke(DelegatingMethodAccessorImpl.java:43) ~[na:1.8.0_101]
	at java.lang.reflect.Method.invoke(Method.java:498) ~[na:1.8.0_101]
	at org.eclipse.equinox.launcher.Main.invokeFramework(Main.java:673) [org.eclipse.equinox.launcher_1.3.201.v20161025-1711.jar:na]
	at org.eclipse.equinox.launcher.Main.basicRun(Main.java:610) [org.eclipse.equinox.launcher_1.3.201.v20161025-1711.jar:na]
	at org.eclipse.equinox.launcher.Main.run(Main.java:1519) [org.eclipse.equinox.launcher_1.3.201.v20161025-1711.jar:na]
Caused by: java.io.IOException: error=2, No such file or directory
	at java.lang.UNIXProcess.forkAndExec(Native Method) ~[na:1.8.0_101]
	at java.lang.UNIXProcess.<init>(UNIXProcess.java:248) ~[na:1.8.0_101]
	at java.lang.ProcessImpl.start(ProcessImpl.java:134) ~[na:1.8.0_101]
	at java.lang.ProcessBuilder.start(ProcessBuilder.java:1029) ~[na:1.8.0_101]
	... 96 common frames omitted
2017-04-27 08:54:12,680 [Worker-0] INFO  c.g.t.t.d.PublishedGradleVersions - Gradle version information cache is up-to-date. Trying to read.
2017-04-27 19:01:33,491 [Worker-1] INFO  c.g.t.t.d.PublishedGradleVersions - Gradle version information cache is out-of-date. Trying to update.
2017-04-27 19:01:35,696 [Worker-10] ERROR org.eclipse.jgit.util.FS - Caught exception in FS.readPipe()
java.io.IOException: Cannot run program "git" (in directory "/usr/local/bin"): error=2, No such file or directory
	at java.lang.ProcessBuilder.start(ProcessBuilder.java:1048) ~[na:1.8.0_101]
	at org.eclipse.jgit.util.FS.readPipe(FS.java:500) [org.eclipse.jgit_4.5.0.201609210915-r.jar:4.5.0.201609210915-r]
	at org.eclipse.jgit.util.FS.readPipe(FS.java:464) [org.eclipse.jgit_4.5.0.201609210915-r.jar:4.5.0.201609210915-r]
	at org.eclipse.jgit.util.FS.discoverGitSystemConfig(FS.java:613) [org.eclipse.jgit_4.5.0.201609210915-r.jar:4.5.0.201609210915-r]
	at org.eclipse.jgit.util.FS.getGitSystemConfig(FS.java:653) [org.eclipse.jgit_4.5.0.201609210915-r.jar:4.5.0.201609210915-r]
	at org.eclipse.jgit.util.SystemReader$Default.openSystemConfig(SystemReader.java:97) [org.eclipse.jgit_4.5.0.201609210915-r.jar:4.5.0.201609210915-r]
	at org.eclipse.jgit.internal.storage.file.FileRepository.<init>(FileRepository.java:176) [org.eclipse.jgit_4.5.0.201609210915-r.jar:4.5.0.201609210915-r]
	at org.eclipse.jgit.storage.file.FileRepositoryBuilder.build(FileRepositoryBuilder.java:92) [org.eclipse.jgit_4.5.0.201609210915-r.jar:4.5.0.201609210915-r]
	at org.eclipse.jgit.storage.file.FileRepositoryBuilder.create(FileRepositoryBuilder.java:111) [org.eclipse.jgit_4.5.0.201609210915-r.jar:4.5.0.201609210915-r]
	at org.eclipse.egit.core.RepositoryCache.lookupRepository(RepositoryCache.java:57) [org.eclipse.egit.core_4.5.0.201609210915-r.jar:na]
	at org.eclipse.egit.core.project.GitProjectData.map(GitProjectData.java:689) [org.eclipse.egit.core_4.5.0.201609210915-r.jar:na]
	at org.eclipse.egit.core.project.GitProjectData.remapAll(GitProjectData.java:647) [org.eclipse.egit.core_4.5.0.201609210915-r.jar:na]
	at org.eclipse.egit.core.project.GitProjectData.load(GitProjectData.java:630) [org.eclipse.egit.core_4.5.0.201609210915-r.jar:na]
	at org.eclipse.egit.core.project.GitProjectData.get(GitProjectData.java:218) [org.eclipse.egit.core_4.5.0.201609210915-r.jar:na]
	at org.eclipse.egit.core.project.RepositoryMapping.getProjectData(RepositoryMapping.java:356) [org.eclipse.egit.core_4.5.0.201609210915-r.jar:na]
	at org.eclipse.egit.core.project.RepositoryMapping.findMapping(RepositoryMapping.java:377) [org.eclipse.egit.core_4.5.0.201609210915-r.jar:na]
	at org.eclipse.egit.core.project.RepositoryMapping.getMapping(RepositoryMapping.java:317) [org.eclipse.egit.core_4.5.0.201609210915-r.jar:na]
	at org.eclipse.egit.core.internal.util.ResourceUtil.getRepository(ResourceUtil.java:702) [org.eclipse.egit.core_4.5.0.201609210915-r.jar:na]
	at org.eclipse.egit.ui.internal.resources.ResourceStateFactory.getIndexDiffDataOrNull(ResourceStateFactory.java:89) [org.eclipse.egit.ui_4.5.0.201609210915-r.jar:na]
	at org.eclipse.egit.ui.internal.decorators.GitLightweightDecorator.decorateResource(GitLightweightDecorator.java:224) [org.eclipse.egit.ui_4.5.0.201609210915-r.jar:na]
	at org.eclipse.egit.ui.internal.decorators.GitLightweightDecorator.decorate(GitLightweightDecorator.java:201) [org.eclipse.egit.ui_4.5.0.201609210915-r.jar:na]
	at org.eclipse.ui.internal.decorators.LightweightDecoratorDefinition.decorate(LightweightDecoratorDefinition.java:254) [org.eclipse.ui.workbench_3.108.2.v20161025-2029.jar:na]
	at org.eclipse.ui.internal.decorators.LightweightDecoratorManager$LightweightRunnable.run(LightweightDecoratorManager.java:100) [org.eclipse.ui.workbench_3.108.2.v20161025-2029.jar:na]
	at org.eclipse.core.runtime.SafeRunner.run(SafeRunner.java:42) [org.eclipse.equinox.common_3.8.0.v20160509-1230.jar:na]
	at org.eclipse.ui.internal.decorators.LightweightDecoratorManager.decorate(LightweightDecoratorManager.java:383) [org.eclipse.ui.workbench_3.108.2.v20161025-2029.jar:na]
	at org.eclipse.ui.internal.decorators.LightweightDecoratorManager.getDecorations(LightweightDecoratorManager.java:365) [org.eclipse.ui.workbench_3.108.2.v20161025-2029.jar:na]
	at org.eclipse.ui.internal.decorators.DecorationScheduler$1.ensureResultCached(DecorationScheduler.java:367) [org.eclipse.ui.workbench_3.108.2.v20161025-2029.jar:na]
	at org.eclipse.ui.internal.decorators.DecorationScheduler$1.run(DecorationScheduler.java:327) [org.eclipse.ui.workbench_3.108.2.v20161025-2029.jar:na]
	at org.eclipse.core.internal.jobs.Worker.run(Worker.java:55) [org.eclipse.core.jobs_3.8.0.v20160509-0411.jar:na]
Caused by: java.io.IOException: error=2, No such file or directory
	at java.lang.UNIXProcess.forkAndExec(Native Method) ~[na:1.8.0_101]
	at java.lang.UNIXProcess.<init>(UNIXProcess.java:248) ~[na:1.8.0_101]
	at java.lang.ProcessImpl.start(ProcessImpl.java:134) ~[na:1.8.0_101]
	at java.lang.ProcessBuilder.start(ProcessBuilder.java:1029) ~[na:1.8.0_101]
	... 28 common frames omitted
2017-04-28 10:53:01,541 [Worker-1] INFO  c.g.t.t.d.PublishedGradleVersions - Gradle version information cache is up-to-date. Trying to read.
2017-04-28 10:53:03,448 [Worker-14] ERROR org.eclipse.jgit.util.FS - Caught exception in FS.readPipe()
java.io.IOException: Cannot run program "git" (in directory "/usr/local/bin"): error=2, No such file or directory
	at java.lang.ProcessBuilder.start(ProcessBuilder.java:1048) ~[na:1.8.0_101]
	at org.eclipse.jgit.util.FS.readPipe(FS.java:500) [org.eclipse.jgit_4.5.0.201609210915-r.jar:4.5.0.201609210915-r]
	at org.eclipse.jgit.util.FS.readPipe(FS.java:464) [org.eclipse.jgit_4.5.0.201609210915-r.jar:4.5.0.201609210915-r]
	at org.eclipse.jgit.util.FS.discoverGitSystemConfig(FS.java:613) [org.eclipse.jgit_4.5.0.201609210915-r.jar:4.5.0.201609210915-r]
	at org.eclipse.jgit.util.FS.getGitSystemConfig(FS.java:653) [org.eclipse.jgit_4.5.0.201609210915-r.jar:4.5.0.201609210915-r]
	at org.eclipse.jgit.util.SystemReader$Default.openSystemConfig(SystemReader.java:97) [org.eclipse.jgit_4.5.0.201609210915-r.jar:4.5.0.201609210915-r]
	at org.eclipse.jgit.internal.storage.file.FileRepository.<init>(FileRepository.java:176) [org.eclipse.jgit_4.5.0.201609210915-r.jar:4.5.0.201609210915-r]
	at org.eclipse.jgit.storage.file.FileRepositoryBuilder.build(FileRepositoryBuilder.java:92) [org.eclipse.jgit_4.5.0.201609210915-r.jar:4.5.0.201609210915-r]
	at org.eclipse.jgit.storage.file.FileRepositoryBuilder.create(FileRepositoryBuilder.java:111) [org.eclipse.jgit_4.5.0.201609210915-r.jar:4.5.0.201609210915-r]
	at org.eclipse.egit.core.RepositoryCache.lookupRepository(RepositoryCache.java:57) [org.eclipse.egit.core_4.5.0.201609210915-r.jar:na]
	at org.eclipse.egit.core.project.GitProjectData.map(GitProjectData.java:689) [org.eclipse.egit.core_4.5.0.201609210915-r.jar:na]
	at org.eclipse.egit.core.project.GitProjectData.remapAll(GitProjectData.java:647) [org.eclipse.egit.core_4.5.0.201609210915-r.jar:na]
	at org.eclipse.egit.core.project.GitProjectData.load(GitProjectData.java:630) [org.eclipse.egit.core_4.5.0.201609210915-r.jar:na]
	at org.eclipse.egit.core.project.GitProjectData.get(GitProjectData.java:218) [org.eclipse.egit.core_4.5.0.201609210915-r.jar:na]
	at org.eclipse.egit.core.GitProvider.getData(GitProvider.java:106) [org.eclipse.egit.core_4.5.0.201609210915-r.jar:na]
	at org.eclipse.egit.core.project.RepositoryMapping.getProjectData(RepositoryMapping.java:361) [org.eclipse.egit.core_4.5.0.201609210915-r.jar:na]
	at org.eclipse.egit.core.project.RepositoryMapping.findMapping(RepositoryMapping.java:377) [org.eclipse.egit.core_4.5.0.201609210915-r.jar:na]
	at org.eclipse.egit.core.project.RepositoryMapping.getMapping(RepositoryMapping.java:317) [org.eclipse.egit.core_4.5.0.201609210915-r.jar:na]
	at org.eclipse.egit.core.internal.util.ResourceUtil.getRepository(ResourceUtil.java:702) [org.eclipse.egit.core_4.5.0.201609210915-r.jar:na]
	at org.eclipse.egit.ui.internal.resources.ResourceStateFactory.getIndexDiffDataOrNull(ResourceStateFactory.java:89) [org.eclipse.egit.ui_4.5.0.201609210915-r.jar:na]
	at org.eclipse.egit.ui.internal.decorators.GitLightweightDecorator.decorateResource(GitLightweightDecorator.java:224) [org.eclipse.egit.ui_4.5.0.201609210915-r.jar:na]
	at org.eclipse.egit.ui.internal.decorators.GitLightweightDecorator.decorate(GitLightweightDecorator.java:201) [org.eclipse.egit.ui_4.5.0.201609210915-r.jar:na]
	at org.eclipse.ui.internal.decorators.LightweightDecoratorDefinition.decorate(LightweightDecoratorDefinition.java:254) [org.eclipse.ui.workbench_3.108.2.v20161025-2029.jar:na]
	at org.eclipse.ui.internal.decorators.LightweightDecoratorManager$LightweightRunnable.run(LightweightDecoratorManager.java:100) [org.eclipse.ui.workbench_3.108.2.v20161025-2029.jar:na]
	at org.eclipse.core.runtime.SafeRunner.run(SafeRunner.java:42) [org.eclipse.equinox.common_3.8.0.v20160509-1230.jar:na]
	at org.eclipse.ui.internal.decorators.LightweightDecoratorManager.decorate(LightweightDecoratorManager.java:383) [org.eclipse.ui.workbench_3.108.2.v20161025-2029.jar:na]
	at org.eclipse.ui.internal.decorators.LightweightDecoratorManager.getDecorations(LightweightDecoratorManager.java:365) [org.eclipse.ui.workbench_3.108.2.v20161025-2029.jar:na]
	at org.eclipse.ui.internal.decorators.DecorationScheduler$1.ensureResultCached(DecorationScheduler.java:367) [org.eclipse.ui.workbench_3.108.2.v20161025-2029.jar:na]
	at org.eclipse.ui.internal.decorators.DecorationScheduler$1.run(DecorationScheduler.java:327) [org.eclipse.ui.workbench_3.108.2.v20161025-2029.jar:na]
	at org.eclipse.core.internal.jobs.Worker.run(Worker.java:55) [org.eclipse.core.jobs_3.8.0.v20160509-0411.jar:na]
Caused by: java.io.IOException: error=2, No such file or directory
	at java.lang.UNIXProcess.forkAndExec(Native Method) ~[na:1.8.0_101]
	at java.lang.UNIXProcess.<init>(UNIXProcess.java:248) ~[na:1.8.0_101]
	at java.lang.ProcessImpl.start(ProcessImpl.java:134) ~[na:1.8.0_101]
	at java.lang.ProcessBuilder.start(ProcessBuilder.java:1029) ~[na:1.8.0_101]
	... 29 common frames omitted
2017-04-28 14:52:02,447 [Worker-1] INFO  c.g.t.t.d.PublishedGradleVersions - Gradle version information cache is up-to-date. Trying to read.
2017-04-28 14:52:04,608 [Worker-14] ERROR org.eclipse.jgit.util.FS - Caught exception in FS.readPipe()
java.io.IOException: Cannot run program "git" (in directory "/usr/local/bin"): error=2, No such file or directory
	at java.lang.ProcessBuilder.start(ProcessBuilder.java:1048) ~[na:1.8.0_101]
	at org.eclipse.jgit.util.FS.readPipe(FS.java:500) [org.eclipse.jgit_4.5.0.201609210915-r.jar:4.5.0.201609210915-r]
	at org.eclipse.jgit.util.FS.readPipe(FS.java:464) [org.eclipse.jgit_4.5.0.201609210915-r.jar:4.5.0.201609210915-r]
	at org.eclipse.jgit.util.FS.discoverGitSystemConfig(FS.java:613) [org.eclipse.jgit_4.5.0.201609210915-r.jar:4.5.0.201609210915-r]
	at org.eclipse.jgit.util.FS.getGitSystemConfig(FS.java:653) [org.eclipse.jgit_4.5.0.201609210915-r.jar:4.5.0.201609210915-r]
	at org.eclipse.jgit.util.SystemReader$Default.openSystemConfig(SystemReader.java:97) [org.eclipse.jgit_4.5.0.201609210915-r.jar:4.5.0.201609210915-r]
	at org.eclipse.jgit.internal.storage.file.FileRepository.<init>(FileRepository.java:176) [org.eclipse.jgit_4.5.0.201609210915-r.jar:4.5.0.201609210915-r]
	at org.eclipse.jgit.storage.file.FileRepositoryBuilder.build(FileRepositoryBuilder.java:92) [org.eclipse.jgit_4.5.0.201609210915-r.jar:4.5.0.201609210915-r]
	at org.eclipse.jgit.storage.file.FileRepositoryBuilder.create(FileRepositoryBuilder.java:111) [org.eclipse.jgit_4.5.0.201609210915-r.jar:4.5.0.201609210915-r]
	at org.eclipse.egit.core.RepositoryCache.lookupRepository(RepositoryCache.java:57) [org.eclipse.egit.core_4.5.0.201609210915-r.jar:na]
	at org.eclipse.egit.core.project.GitProjectData.map(GitProjectData.java:689) [org.eclipse.egit.core_4.5.0.201609210915-r.jar:na]
	at org.eclipse.egit.core.project.GitProjectData.remapAll(GitProjectData.java:647) [org.eclipse.egit.core_4.5.0.201609210915-r.jar:na]
	at org.eclipse.egit.core.project.GitProjectData.load(GitProjectData.java:630) [org.eclipse.egit.core_4.5.0.201609210915-r.jar:na]
	at org.eclipse.egit.core.project.GitProjectData.get(GitProjectData.java:218) [org.eclipse.egit.core_4.5.0.201609210915-r.jar:na]
	at org.eclipse.egit.core.GitProvider.getData(GitProvider.java:106) [org.eclipse.egit.core_4.5.0.201609210915-r.jar:na]
	at org.eclipse.egit.core.GitProvider.getMoveDeleteHook(GitProvider.java:90) [org.eclipse.egit.core_4.5.0.201609210915-r.jar:na]
	at org.eclipse.team.internal.core.MoveDeleteManager.getHookFor(MoveDeleteManager.java:34) [org.eclipse.team.core_3.8.0.v20160418-1534.jar:na]
	at org.eclipse.team.internal.core.MoveDeleteManager.deleteFolder(MoveDeleteManager.java:62) [org.eclipse.team.core_3.8.0.v20160418-1534.jar:na]
	at org.eclipse.core.internal.resources.Resource.unprotectedDelete(Resource.java:1831) [org.eclipse.core.resources_3.11.1.v20161107-2032.jar:na]
	at org.eclipse.core.internal.resources.Resource.delete(Resource.java:782) [org.eclipse.core.resources_3.11.1.v20161107-2032.jar:na]
	at org.eclipse.jdt.internal.core.builder.BatchImageBuilder.cleanOutputFolders(BatchImageBuilder.java:115) [org.eclipse.jdt.core_3.12.2.v20161117-1814.jar:na]
	at org.eclipse.jdt.internal.core.builder.BatchImageBuilder.build(BatchImageBuilder.java:47) [org.eclipse.jdt.core_3.12.2.v20161117-1814.jar:na]
	at org.eclipse.jdt.internal.core.builder.JavaBuilder.buildAll(JavaBuilder.java:256) [org.eclipse.jdt.core_3.12.2.v20161117-1814.jar:na]
	at org.eclipse.jdt.internal.core.builder.JavaBuilder.build(JavaBuilder.java:186) [org.eclipse.jdt.core_3.12.2.v20161117-1814.jar:na]
	at org.eclipse.core.internal.events.BuildManager$2.run(BuildManager.java:735) [org.eclipse.core.resources_3.11.1.v20161107-2032.jar:na]
	at org.eclipse.core.runtime.SafeRunner.run(SafeRunner.java:42) [org.eclipse.equinox.common_3.8.0.v20160509-1230.jar:na]
	at org.eclipse.core.internal.events.BuildManager.basicBuild(BuildManager.java:206) [org.eclipse.core.resources_3.11.1.v20161107-2032.jar:na]
	at org.eclipse.core.internal.events.BuildManager.basicBuild(BuildManager.java:246) [org.eclipse.core.resources_3.11.1.v20161107-2032.jar:na]
	at org.eclipse.core.internal.events.BuildManager$1.run(BuildManager.java:301) [org.eclipse.core.resources_3.11.1.v20161107-2032.jar:na]
	at org.eclipse.core.runtime.SafeRunner.run(SafeRunner.java:42) [org.eclipse.equinox.common_3.8.0.v20160509-1230.jar:na]
	at org.eclipse.core.internal.events.BuildManager.basicBuild(BuildManager.java:304) [org.eclipse.core.resources_3.11.1.v20161107-2032.jar:na]
	at org.eclipse.core.internal.events.BuildManager.basicBuildLoop(BuildManager.java:360) [org.eclipse.core.resources_3.11.1.v20161107-2032.jar:na]
	at org.eclipse.core.internal.events.BuildManager.build(BuildManager.java:383) [org.eclipse.core.resources_3.11.1.v20161107-2032.jar:na]
	at org.eclipse.core.internal.events.AutoBuildJob.doBuild(AutoBuildJob.java:144) [org.eclipse.core.resources_3.11.1.v20161107-2032.jar:na]
	at org.eclipse.core.internal.events.AutoBuildJob.run(AutoBuildJob.java:235) [org.eclipse.core.resources_3.11.1.v20161107-2032.jar:na]
	at org.eclipse.core.internal.jobs.Worker.run(Worker.java:55) [org.eclipse.core.jobs_3.8.0.v20160509-0411.jar:na]
Caused by: java.io.IOException: error=2, No such file or directory
	at java.lang.UNIXProcess.forkAndExec(Native Method) ~[na:1.8.0_101]
	at java.lang.UNIXProcess.<init>(UNIXProcess.java:248) ~[na:1.8.0_101]
	at java.lang.ProcessImpl.start(ProcessImpl.java:134) ~[na:1.8.0_101]
	at java.lang.ProcessBuilder.start(ProcessBuilder.java:1029) ~[na:1.8.0_101]
	... 35 common frames omitted
